<?xml version="1.0" encoding="UTF-8"?>
<!-- Generated by org.testng.reporters.JUnitXMLReporter -->
<testsuite hostname="WTA-L-818" ignored="0" tests="2" failures="2" timestamp="2021-10-13T12:10:17 MDT" time="30.425" errors="0">
  <testcase name="checkButtonFunction" time="11.395" classname="AndroidTests">
    <failure type="java.lang.AssertionError" message="The following asserts failed:
	Checking accessibility button text expected [Accessibility Node Provider1] but found [Accessibility Node Provider]">
      <![CDATA[java.lang.AssertionError: The following asserts failed:
Checking accessibility button text expected [Accessibility Node Provider1] but found [Accessibility Node Provider]
at AndroidTests.checkButtonFunction(AndroidTests.java:44)
at java.util.ArrayList.forEach(ArrayList.java:1259)
at com.intellij.rt.testng.IDEARemoteTestNG.run(IDEARemoteTestNG.java:66)
at com.intellij.rt.testng.RemoteTestNGStarter.main(RemoteTestNGStarter.java:109)
... Removed 26 stack frames]]>
    </failure>
  </testcase> <!-- checkButtonFunction -->
  <testcase name="checkButtonFunction" time="10.918" classname="AndroidTests">
    <failure type="java.lang.AssertionError" message="The following asserts failed:
	Checking accessibility button text expected [Accessibility Node Provider1] but found [Accessibility Node Provider]">
      <![CDATA[java.lang.AssertionError: The following asserts failed:
Checking accessibility button text expected [Accessibility Node Provider1] but found [Accessibility Node Provider]
at AndroidTests.checkButtonFunction(AndroidTests.java:44)
at java.util.ArrayList.forEach(ArrayList.java:1259)
at com.intellij.rt.testng.IDEARemoteTestNG.run(IDEARemoteTestNG.java:66)
at com.intellij.rt.testng.RemoteTestNGStarter.main(RemoteTestNGStarter.java:109)
... Removed 26 stack frames]]>
    </failure>
  </testcase> <!-- checkButtonFunction -->
</testsuite>
