<?xml version="1.0" encoding="UTF-8"?>
<!-- Generated by org.testng.reporters.JUnitXMLReporter -->
<testsuite hostname="WTA-L-818" ignored="0" tests="4" failures="0" timestamp="2021-09-28T12:30:57 MDT" time="60.968" errors="0">
  <testcase name="checkButtonFunction" time="10.85" classname="AndroidTests"/>
  <testcase name="checkButtonFunction" time="10.749" classname="AndroidTests"/>
  <testcase name="checkWelcomeMessage" time="17.272" classname="BrowserTests"/>
  <testcase name="clickAlertViews" time="13.193" classname="IOSTests"/>
</testsuite>
